2026-01-17 03:38:17 | Log started at 2026-01-17 03:38:17 → writing to C:\CS Peirce\peirce_inquiry.log
2026-01-17 03:38:18 | Starting Meaning of CS Peirce at 2026-01-17 03:38:18
2026-01-17 03:38:18 | ====================================================================================================
2026-01-17 03:38:18 | Solving Deep Peircean Inquiry: GOLDBACH (n=16)
2026-01-17 03:38:18 | Params: variance_threshold=0.05, chain_prob=0.7, sample_count=8, abstraction_depth_max=3, synechism_prob=0.5
2026-01-17 03:38:18 | With: Fallibilism Critique, Chained Hypostatic Abstraction, Synechistic Continuity, Self-Reflection & Dynamic Adjustment
2026-01-17 03:38:18 | ====================================================================================================
2026-01-17 03:38:18 | 1. ABDUCTION (Discovery)
2026-01-17 03:38:18 | Discovered 2 candidate prime decompositions.
2026-01-17 03:38:18 | === Peircean Graph Diagram ===
2026-01-17 03:38:18 | Entities:
2026-01-17 03:38:18 | 16           : icon (16)
2026-01-17 03:38:19 | prime_pair   : symbol (prime_pair)
2026-01-17 03:38:19 | p3           : symbol (p3)
2026-01-17 03:38:19 | q13          : symbol (q13)
2026-01-17 03:38:19 | p5           : symbol (p5)
2026-01-17 03:38:19 | q11          : symbol (q11)
2026-01-17 03:38:19 | Relations (prob):
2026-01-17 03:38:19 | 16           → prime_pair   [has]  prob=0.980
2026-01-17 03:38:19 | p3           → q13          [sum_to]  prob=0.650
2026-01-17 03:38:19 | 16           → p3           [contains]  prob=0.880
2026-01-17 03:38:19 | p3           → q13          [synechistic_flow]  prob=0.650
2026-01-17 03:38:19 | p5           → q11          [sum_to]  prob=0.611
2026-01-17 03:38:19 | 16           → p5           [contains]  prob=0.880
2026-01-17 03:38:19 | p5           → q11          [synechistic_flow]  prob=0.611
2026-01-17 03:38:19 | Cuts:
2026-01-17 03:38:19 | ≈≈ [red_future]  16, prime_pair                           ≈≈
2026-01-17 03:38:19 | Adjacency Matrix shape:
2026-01-17 03:38:19 | Not built
2026-01-17 03:38:19 | ============================
2026-01-17 03:38:19 | 2. DEDUCTION ── Diagram Manipulation, Evolution & Deep Theorematic Steps
2026-01-17 03:38:19 | === Peircean Graph Diagram ===
2026-01-17 03:38:19 | Entities:
2026-01-17 03:38:19 | 16           : icon (16)
2026-01-17 03:38:19 | prime_pair   : symbol (prime_pair)
2026-01-17 03:38:19 | p3           : symbol (p3)
2026-01-17 03:38:19 | q13          : symbol (q13)
2026-01-17 03:38:19 | p5           : symbol (p5)
2026-01-17 03:38:19 | q11          : symbol (q11)
2026-01-17 03:38:19 | abs_contains : symbol (abs_contains)
2026-01-17 03:38:19 | abs_abs_contains : symbol (abs_abs_contains)
2026-01-17 03:38:19 | Relations (prob):
2026-01-17 03:38:19 | 16           → prime_pair   [has]  prob=0.980
2026-01-17 03:38:19 | p3           → q13          [sum_to]  prob=0.650
2026-01-17 03:38:19 | 16           → p3           [contains]  prob=0.880
2026-01-17 03:38:19 | p3           → q13          [synechistic_flow]  prob=0.650
2026-01-17 03:38:19 | p5           → q11          [sum_to]  prob=0.553
2026-01-17 03:38:19 | 16           → p5           [contains]  prob=0.880
2026-01-17 03:38:19 | p5           → q11          [synechistic_flow]  prob=0.553
2026-01-17 03:38:19 | p3           → q13          [sum_to_iter]  prob=0.650
2026-01-17 03:38:19 | 16           → abs_contains [reifies]  prob=0.850
2026-01-17 03:38:19 | abs_contains → p5           [applies_to]  prob=0.850
2026-01-17 03:38:19 | abs_contains → abs_abs_contains [higher_reifies]  prob=0.800
2026-01-17 03:38:19 | abs_abs_contains → p5           [applies_to]  prob=0.800
2026-01-17 03:38:19 | Cuts:
2026-01-17 03:38:19 | () [blue_past]  prime_pair, 16, p3                       ()
2026-01-17 03:38:19 | ≈≈  abs_contains                             ≈≈
2026-01-17 03:38:19 | ≈≈  abs_abs_contains                         ≈≈
2026-01-17 03:38:19 | Adjacency Matrix shape:
2026-01-17 03:38:19 | Not built
2026-01-17 03:38:19 | ============================
2026-01-17 03:38:19 | 2. DEDUCTIVE UNFOLDING (Existential Graphs with Delta Governance)
2026-01-17 03:38:19 | Lemma 1 (Graph Notation):
2026-01-17 03:38:19 | Sheet of Assertion (Beta Graph - Relational Existence):

  ──•── Prime ── + ── Prime ──•──
      \               /
       \             /
        \           /
         \         /
          \       /
           \     /
            \   /
             •  (16)

Interpretation: Lines of identity relate primes via + to 16.
Rule: Insert identity for symmetry if p=q.
2026-01-17 03:38:19 | Lemma 2 (Graph Notation):
2026-01-17 03:38:19 | Broken Cut (Gamma - Possibility):

  ≈≈≈≈≈≈≈≈≈≈≈≈≈≈≈≈≈≈≈≈
  ≈ p ── ≤ n/2 ── Prime ── determines ── q = n − p ≈
  ≈≈≈≈≈≈≈≈≈≈≈≈≈≈≈≈≈≈≈≈

Interpretation: Possibly, p determines q uniquely.
Rule: Replace binary relation with functional mapping.
2026-01-17 03:38:19 | Lemma 3 (Graph Notation):
2026-01-17 03:38:19 | No symmetry collapse: n/2 not prime.
2026-01-17 03:38:19 | Lemma 4 (Graph Notation):
2026-01-17 03:38:19 | Delta Tinctured Cut (green_causal for normative governance):

  ΔΔ [causal] 
  Δ If Beta graph verified, permit Gamma modal elevation to habit. Δ
  Δ No universal ∀ without inductive stability. Δ
  Δ Abstraction chains limited to observed relations. Δ
  ΔΔ

Interpretation: Delta governs inference: existential → modal → normative.
2026-01-17 03:38:19 | 3. FORMAL CERTIFICATION
2026-01-17 03:38:19 | ✔ Certified instance:
2026-01-17 03:38:19 | 3 + 13 = 16
2026-01-17 03:38:19 | 5 + 11 = 16
2026-01-17 03:38:19 | 3. INDUCTION ── Generalization with Fallibilism & Self-Reflection
2026-01-17 03:38:19 | Algebraic Transcription (Hardy–Littlewood bound):
2026-01-17 03:38:19 | \frac{2 C n \prod_{p=3}^{\infty} \frac{p - 2}{p - 1}}{\log{\left(n \right)}^{2}} - \text{Error(RH)}
2026-01-17 03:38:19 | Alternative (Deuring–Heilbronn if RH false):
2026-01-17 03:38:19 | If RH false, Deuring–Heilbronn phenomenon creates stronger repulsion, ensuring G(n) > 0.
2026-01-17 03:38:19 | Weak generalization (avg prob 0.769, var 0.001, samples 8): Strong necessary conclusion: Goldbach holds with very high confidence.
2026-01-17 03:38:19 | Final Peircean Verdict:
2026-01-17 03:38:19 | Caution: Potential weak counterexample or large RH error term detected.
2026-01-17 03:38:19 | Visual Representation (if matplotlib available):
2026-01-17 03:38:20 | Graph saved as: peirce_graph_n16.png
2026-01-17 03:39:00 | Status:
2026-01-17 03:39:00 | • Discovery: fallible (abductive)
2026-01-17 03:39:00 | • Graphs: diagrammatic transformations (deductive, Beta/Gamma)
2026-01-17 03:39:00 | • Delta: meta-governance (normative rules)
2026-01-17 03:39:00 | ================================================================================
2026-01-17 03:39:00 | Inquiry finished. Full log saved to: peirce_inquiry.log
