2026-01-17 05:42:25 | Log started at 2026-01-17 05:42:25 → writing to C:\github\CS-Peirce\peirce_inquiry_n16.log
2026-01-17 05:42:27 | Starting Meaning of CS Peirce at 2026-01-17 05:42:27
2026-01-17 05:42:27 | ====================================================================================================
2026-01-17 05:42:27 | Solving Deep Peircean Inquiry: GOLDBACH (n=26)
2026-01-17 05:42:27 | Params: variance_threshold=0.05, chain_prob=0.7, sample_count=8, abstraction_depth_max=3, synechism_prob=0.5
2026-01-17 05:42:27 | With: Fallibilism Critique, Chained Hypostatic Abstraction, Synechistic Continuity, Self-Reflection & Dynamic Adjustment
2026-01-17 05:42:27 | ====================================================================================================
2026-01-17 05:42:27 | 1. ABDUCTION (Discovery)
2026-01-17 05:42:27 | Discovered 3 candidate prime decompositions.
2026-01-17 05:42:27 | === Peircean Graph Diagram ===
2026-01-17 05:42:27 | Entities:
2026-01-17 05:42:27 | 26           : icon (26)
2026-01-17 05:42:27 | prime_pair   : symbol (prime_pair)
2026-01-17 05:42:27 | p3           : symbol (p3)
2026-01-17 05:42:27 | q23          : symbol (q23)
2026-01-17 05:42:27 | p7           : symbol (p7)
2026-01-17 05:42:27 | q19          : symbol (q19)
2026-01-17 05:42:27 | p13          : symbol (p13)
2026-01-17 05:42:27 | q13          : symbol (q13)
2026-01-17 05:42:27 | Relations (prob):
2026-01-17 05:42:27 | 26           → prime_pair   [has]  prob=0.980
2026-01-17 05:42:27 | p3           → q23          [sum_to]  prob=0.850
2026-01-17 05:42:27 | 26           → p3           [contains]  prob=0.880
2026-01-17 05:42:27 | p7           → q19          [sum_to]  prob=0.850
2026-01-17 05:42:27 | 26           → p7           [contains]  prob=0.880
2026-01-17 05:42:27 | p13          → q13          [sum_to]  prob=0.662
2026-01-17 05:42:27 | 26           → p13          [contains]  prob=0.880
2026-01-17 05:42:27 | p13          → q13          [synechistic_flow]  prob=0.662
2026-01-17 05:42:27 | Cuts:
2026-01-17 05:42:27 | ≈≈ [red_future]  26, prime_pair                           ≈≈
2026-01-17 05:42:27 | Adjacency Matrix shape:
2026-01-17 05:42:27 | Not built
2026-01-17 05:42:27 | ============================
2026-01-17 05:42:27 | 2. DEDUCTION ── Diagram Manipulation, Evolution & Deep Theorematic Steps
2026-01-17 05:42:27 | === Peircean Graph Diagram ===
2026-01-17 05:42:27 | Entities:
2026-01-17 05:42:27 | 26           : icon (26)
2026-01-17 05:42:27 | prime_pair   : symbol (prime_pair)
2026-01-17 05:42:27 | p3           : symbol (p3)
2026-01-17 05:42:27 | q23          : symbol (q23)
2026-01-17 05:42:27 | p7           : symbol (p7)
2026-01-17 05:42:27 | q19          : symbol (q19)
2026-01-17 05:42:27 | p13          : symbol (p13)
2026-01-17 05:42:27 | q13          : symbol (q13)
2026-01-17 05:42:27 | abs_contains : symbol (abs_contains)
2026-01-17 05:42:27 | abs_abs_contains : symbol (abs_abs_contains)
2026-01-17 05:42:27 | abs_sum_to   : symbol (abs_sum_to)
2026-01-17 05:42:27 | abs_abs_sum_to : symbol (abs_abs_sum_to)
2026-01-17 05:42:27 | Relations (prob):
2026-01-17 05:42:27 | 26           → prime_pair   [has]  prob=0.980
2026-01-17 05:42:27 | p3           → q23          [sum_to]  prob=0.850
2026-01-17 05:42:27 | 26           → p3           [contains]  prob=0.880
2026-01-17 05:42:27 | p7           → q19          [sum_to]  prob=0.850
2026-01-17 05:42:27 | 26           → p7           [contains]  prob=0.965
2026-01-17 05:42:27 | p13          → q13          [sum_to]  prob=1.000
2026-01-17 05:42:27 | 26           → p13          [contains]  prob=0.880
2026-01-17 05:42:27 | p13          → q13          [synechistic_flow]  prob=1.000
2026-01-17 05:42:27 | 26           → abs_contains [reifies]  prob=0.850
2026-01-17 05:42:27 | abs_contains → p13          [applies_to]  prob=0.850
2026-01-17 05:42:27 | abs_contains → abs_abs_contains [higher_reifies]  prob=0.800
2026-01-17 05:42:27 | abs_abs_contains → p13          [applies_to]  prob=0.800
2026-01-17 05:42:27 | p13          → abs_sum_to   [reifies]  prob=0.886
2026-01-17 05:42:27 | abs_sum_to   → q13          [applies_to]  prob=0.850
2026-01-17 05:42:27 | abs_sum_to   → abs_abs_sum_to [higher_reifies]  prob=0.800
2026-01-17 05:42:27 | abs_abs_sum_to → q13          [applies_to]  prob=0.800
2026-01-17 05:42:27 | Cuts:
2026-01-17 05:42:27 | ≈≈ [red_future]  26, prime_pair                           ≈≈
2026-01-17 05:42:27 | () [green_causal]  p13, p7, q13                             ()
2026-01-17 05:42:27 | ()  26, q23, prime_pair                      ()
2026-01-17 05:42:27 | ≈≈  abs_contains                             ≈≈
2026-01-17 05:42:27 | ≈≈  abs_abs_contains                         ≈≈
2026-01-17 05:42:27 | ≈≈  abs_sum_to                               ≈≈
2026-01-17 05:42:27 | ≈≈  abs_abs_sum_to                           ≈≈
2026-01-17 05:42:27 | Adjacency Matrix shape:
2026-01-17 05:42:27 | Not built
2026-01-17 05:42:27 | ============================
2026-01-17 05:42:27 | 2. DEDUCTIVE UNFOLDING (Existential Graphs with Delta Governance)
2026-01-17 05:42:27 | Lemma 1 (Graph Notation):
2026-01-17 05:42:27 | Sheet of Assertion (Beta Graph - Relational Existence):

  ──•── Prime ── + ── Prime ──•──
      \               /
       \             /
        \           /
         \         /
          \       /
           \     /
            \   /
             •  (26)

Interpretation: Lines of identity relate primes via + to 26.
Rule: Insert identity for symmetry if p=q.
2026-01-17 05:42:27 | Lemma 2 (Graph Notation):
2026-01-17 05:42:27 | Broken Cut (Gamma - Possibility):

  ≈≈≈≈≈≈≈≈≈≈≈≈≈≈≈≈≈≈≈≈
  ≈ p ── ≤ n/2 ── Prime ── determines ── q = n − p ≈
  ≈≈≈≈≈≈≈≈≈≈≈≈≈≈≈≈≈≈≈≈

Interpretation: Possibly, p determines q uniquely.
Rule: Replace binary relation with functional mapping.
2026-01-17 05:42:27 | Lemma 3 (Graph Notation):
2026-01-17 05:42:27 | Initial Graph (Beta):

p ── + ── q
      |
      26

Constraint (if p=q):

p ── + ── p
      |
      26

Interpretation: Collapse nodes under identity.
Rule: Iconic symmetry reduces to reflexivity.
2026-01-17 05:42:27 | Lemma 4 (Graph Notation):
2026-01-17 05:42:27 | Delta Tinctured Cut (green_causal for normative governance):

  ΔΔ [causal] 
  Δ If Beta graph verified, permit Gamma modal elevation to habit. Δ
  Δ No universal ∀ without inductive stability. Δ
  Δ Abstraction chains limited to observed relations. Δ
  ΔΔ

Interpretation: Delta governs inference: existential → modal → normative.
2026-01-17 05:42:27 | 3. FORMAL CERTIFICATION
2026-01-17 05:42:27 | ✔ Certified instance:
2026-01-17 05:42:27 | 3 + 23 = 26
2026-01-17 05:42:27 | 7 + 19 = 26
2026-01-17 05:42:27 | 13 + 13 = 26
2026-01-17 05:42:27 | 3. INDUCTION ── Generalization with Fallibilism & Self-Reflection
2026-01-17 05:42:27 | Algebraic Transcription (Hardy–Littlewood bound):
2026-01-17 05:42:27 | \frac{2 C n \prod_{p=3}^{\infty} \frac{p - 2}{p - 1}}{\log{\left(n \right)}^{2}} - \text{Error(RH)}
2026-01-17 05:42:27 | Alternative (Deuring–Heilbronn if RH false):
2026-01-17 05:42:27 | If RH false, Deuring–Heilbronn phenomenon creates stronger repulsion, ensuring G(n) > 0.
2026-01-17 05:42:27 | Induced universal habit (generalization, avg prob 0.865, var 0.000, samples 8): Strong necessary conclusion: Goldbach holds with very high confidence.
2026-01-17 05:42:27 | Final Peircean Verdict:
2026-01-17 05:42:27 | Strong necessary conclusion: Goldbach holds with very high confidence.
2026-01-17 05:42:27 | Visual Representation (if matplotlib available):
2026-01-17 05:42:28 | Graph saved as PNG: peirce_graph_n26.png
2026-01-17 05:42:54 | Status:
2026-01-17 05:42:54 | • Discovery: fallible (abductive)
2026-01-17 05:42:54 | • Graphs: diagrammatic transformations (deductive, Beta/Gamma)
2026-01-17 05:42:54 | • Delta: meta-governance (normative rules)
2026-01-17 05:42:54 | ================================================================================
2026-01-17 05:42:54 | Inquiry finished. Full log saved to: peirce_inquiry.log
